<?xml version="1.0" encoding="UTF-8"?>
<testng-results ignored="0" total="2" passed="2" failed="0" skipped="0">
  <reporter-output>
  </reporter-output>
  <suite started-at="2022-09-19T23:07:30 IST" name="Suite" finished-at="2022-09-19T23:07:37 IST" duration-ms="7594">
    <groups>
    </groups>
    <test started-at="2022-09-19T23:07:30 IST" name="Test" finished-at="2022-09-19T23:07:37 IST" duration-ms="7594">
      <class name="com.org.Launch_Browser">
        <test-method signature="amazonTest()[pri:0, instance:com.org.Launch_Browser@3270d194]" started-at="2022-09-19T23:07:33 IST" name="amazonTest" finished-at="2022-09-19T23:07:37 IST" duration-ms="4556" status="PASS">
          <reporter-output>
          </reporter-output>
        </test-method> <!-- amazonTest -->
      </class> <!-- com.org.Launch_Browser -->
      <class name="com.org.hello">
        <test-method signature="mytest()[pri:0, instance:com.org.hello@4d5d943d]" started-at="2022-09-19T23:07:30 IST" name="mytest" finished-at="2022-09-19T23:07:33 IST" duration-ms="2990" status="PASS">
          <reporter-output>
          </reporter-output>
        </test-method> <!-- mytest -->
      </class> <!-- com.org.hello -->
    </test> <!-- Test -->
  </suite> <!-- Suite -->
</testng-results>
