<?xml version="1.0" encoding="UTF-8"?>
<testng-results ignored="0" total="1" passed="1" failed="0" skipped="0">
  <reporter-output>
  </reporter-output>
  <suite started-at="2022-09-18T11:36:40 IST" name="Suite" finished-at="2022-09-18T11:36:43 IST" duration-ms="3519">
    <groups>
    </groups>
    <test started-at="2022-09-18T11:36:40 IST" name="Test" finished-at="2022-09-18T11:36:43 IST" duration-ms="3519">
      <class name="com.org.test.hello">
        <test-method signature="mytest()[pri:0, instance:com.org.test.hello@43df23d3]" started-at="2022-09-18T11:36:40 IST" name="mytest" finished-at="2022-09-18T11:36:43 IST" duration-ms="3485" status="PASS">
          <reporter-output>
          </reporter-output>
        </test-method> <!-- mytest -->
      </class> <!-- com.org.test.hello -->
    </test> <!-- Test -->
  </suite> <!-- Suite -->
</testng-results>
